<?xml version="1.0" encoding="UTF-8"?>
<!-- Generated by org.testng.reporters.JUnitReportReporter -->
<testsuite hostname="DESKTOP-LMQL675" failures="0" tests="4" name="InterviewQuestions2.DataDrivenTest" time="11.962" errors="0" timestamp="2024-02-12T20:29:14 IST" skipped="0">
  <testcase classname="InterviewQuestions2.DataDrivenTest" name="testcasess" time="7.073"/>
  <system-out/>
  <testcase classname="InterviewQuestions2.DataDrivenTest" name="testcasess" time="1.415"/>
  <system-out/>
  <testcase classname="InterviewQuestions2.DataDrivenTest" name="testcasess" time="1.330"/>
  <system-out/>
  <testcase classname="InterviewQuestions2.DataDrivenTest" name="testcasess" time="2.144"/>
  <system-out/>
</testsuite> <!-- InterviewQuestions2.DataDrivenTest -->
